<?xml version="1.0" encoding="UTF-8"?>
<!-- Generated by org.testng.reporters.JUnitReportReporter -->
<testsuite hostname="DESKTOP-03GMD6O" failures="0" tests="2" name="interviewEPAM.HTTPRequests" time="2.339" errors="0" timestamp="2025-02-05T22:30:45 MST" skipped="0">
  <testcase classname="interviewEPAM.HTTPRequests" name="postUser" time="1.908"/>
  <system-out/>
  <testcase classname="interviewEPAM.HTTPRequests" name="updateUser" time="0.431"/>
  <system-out/>
</testsuite> <!-- interviewEPAM.HTTPRequests -->
