<?xml version="1.0" encoding="UTF-8"?>
<!-- Generated by org.testng.reporters.JUnitReportReporter -->
<testsuite hostname="DESKTOP-03GMD6O" failures="0" tests="1" name="interviewEPAM.SQATestTask" time="1.080" errors="0" timestamp="2025-02-06T11:28:59 MST" skipped="0">
  <testcase classname="interviewEPAM.SQATestTask" name="getPostByIdNegative" time="1.080"/>
  <system-out/>
</testsuite> <!-- interviewEPAM.SQATestTask -->
