<?xml version="1.0" encoding="UTF-8"?>
<!-- Generated by org.testng.reporters.JUnitReportReporter -->
<testsuite hostname="DESKTOP-03GMD6O" failures="0" tests="11" name="interviewEPAM.SQATestTask" time="20.712" errors="0" timestamp="2025-02-06T16:41:39 MST" skipped="0">
  <testcase classname="interviewEPAM.SQATestTask" name="getAllComments" time="2.219"/>
  <system-out/>
  <testcase classname="interviewEPAM.SQATestTask" name="getAllPosts" time="2.232"/>
  <system-out/>
  <testcase classname="interviewEPAM.SQATestTask" name="getPostById" time="2.200"/>
  <system-out/>
  <testcase classname="interviewEPAM.SQATestTask" name="getPostByIdNegative" time="1.551"/>
  <system-out/>
  <testcase classname="interviewEPAM.SQATestTask" name="postRequest" time="2.219"/>
  <system-out/>
  <testcase classname="interviewEPAM.SQATestTask" name="updateData" time="2.219"/>
  <system-out/>
  <testcase classname="interviewEPAM.SQATestTask" name="patchData" time="2.218"/>
  <system-out/>
  <testcase classname="interviewEPAM.SQATestTask" name="updateDataNegative" time="1.744"/>
  <system-out/>
  <testcase classname="interviewEPAM.SQATestTask" name="patchDataNegative" time="2.218"/>
  <system-out/>
  <testcase classname="interviewEPAM.SQATestTask" name="deleteTestPosts" time="1.606"/>
  <system-out/>
  <testcase classname="interviewEPAM.SQATestTask" name="deleteTestPostsNegative" time="0.286"/>
  <system-out/>
</testsuite> <!-- interviewEPAM.SQATestTask -->
